[2021-07-05 10:19:54,460] multiqc                                            [DEBUG  ]  No MultiQC config found: /mounts/isilon/data/eahome/u1072932/anaconda3/envs/nextflow/lib/python3.6/site-packages/multiqc_config.yaml
[2021-07-05 10:19:54,461] multiqc                                            [DEBUG  ]  No MultiQC config found: /mounts/isilon/data/eahome/u1072932/.multiqc_config.yaml
[2021-07-05 10:19:54,463] multiqc                                            [DEBUG  ]  No MultiQC config found: multiqc_config.yaml
[2021-07-05 10:19:54,464] multiqc                                            [DEBUG  ]  Command used: /mounts/isilon/data/eahome/u1072932/anaconda3/envs/nextflow/bin/multiqc .
[2021-07-05 10:19:55,789] multiqc                                            [WARNING]  MultiQC Version v1.11 now available!
[2021-07-05 10:19:55,789] multiqc                                            [INFO   ]  This is MultiQC v1.10.1
[2021-07-05 10:19:55,789] multiqc                                            [DEBUG  ]  Command     : /mounts/isilon/data/eahome/u1072932/anaconda3/envs/nextflow/bin/multiqc .
[2021-07-05 10:19:55,789] multiqc                                            [DEBUG  ]  Working dir : /mounts/isilon/data/eahome/u1072932/resource/nextflow/hands_on/work/02/845f1e326778c9d05f53adb0567bb6
[2021-07-05 10:19:55,789] multiqc                                            [INFO   ]  Template    : default
[2021-07-05 10:19:55,789] multiqc                                            [DEBUG  ]  Running Python 3.6.13 | packaged by conda-forge | (default, Feb 19 2021, 05:36:01)  [GCC 9.3.0]
[2021-07-05 10:19:55,789] multiqc                                            [INFO   ]  Searching   : /mounts/isilon/data/eahome/u1072932/resource/nextflow/hands_on/work/02/845f1e326778c9d05f53adb0567bb6
[2021-07-05 10:19:55,790] multiqc                                            [DEBUG  ]  Analysing modules: custom_content, ngsderive, purple, conpair, peddy, somalier, methylQA, mosdepth, phantompeakqualtools, qualimap, preseq, quast, qorts, rna_seqc, rockhopper, rsem, rseqc, busco, goleft_indexcov, disambiguate, supernova, deeptools, sargasso, verifybamid, mirtrace, happy, mirtop, homer, hops, macs2, theta2, snpeff, gatk, htseq, bcftools, featureCounts, fgbio, dragen, dedup, damageprofiler, biobambam2, jcvi, mtnucratio, picard, sentieon, prokka, qc3C, samblaster, samtools, sexdeterrmine, eigenstratdatabasetools, bamtools, jellyfish, vcftools, longranger, stacks, varscan2, bbmap, bismark, biscuit, hicexplorer, hicup, hicpro, salmon, kallisto, slamdunk, star, hisat2, tophat, bowtie2, bowtie1, snpsplit, kat, leehom, adapterRemoval, clipandmerge, cutadapt, flexbar, kaiju, kraken, malt, trimmomatic, sickle, skewer, sortmerna, biobloomtools, fastq_screen, afterqc, fastp, fastqc, pychopper, pycoqc, minionqc, multivcfanalyzer, clusterflow, bcl2fastq, interop, ivar, flash, seqyclean, optitype
[2021-07-05 10:19:55,790] multiqc                                            [DEBUG  ]  Using temporary directory for creating report: /tmp/tmphhb9qmj5
[2021-07-05 10:19:56,460] multiqc                                            [DEBUG  ]  File ignored by longranger/invocation because it exceeded search pattern filesize limit: .command.run
[2021-07-05 10:19:56,565] multiqc                                            [DEBUG  ]  File ignored by hicexplorer because it exceeded search pattern filesize limit: gut_1_fastqc.html
[2021-07-05 10:19:56,578] multiqc                                            [DEBUG  ]  File ignored by longranger/invocation because it exceeded search pattern filesize limit: gut_1_fastqc.html
[2021-07-05 10:19:56,578] multiqc                                            [DEBUG  ]  File ignored by rockhopper because it exceeded search pattern filesize limit: gut_1_fastqc.html
[2021-07-05 10:19:56,578] multiqc                                            [DEBUG  ]  File ignored by rseqc/bam_stat because it exceeded search pattern filesize limit: gut_1_fastqc.html
[2021-07-05 10:19:56,578] multiqc                                            [DEBUG  ]  File ignored by rseqc/junction_annotation because it exceeded search pattern filesize limit: gut_1_fastqc.html
[2021-07-05 10:19:56,578] multiqc                                            [DEBUG  ]  File ignored by rseqc/read_distribution because it exceeded search pattern filesize limit: gut_1_fastqc.html
[2021-07-05 10:19:56,578] multiqc                                            [DEBUG  ]  File ignored by rseqc/infer_experiment because it exceeded search pattern filesize limit: gut_1_fastqc.html
[2021-07-05 10:19:56,703] multiqc                                            [DEBUG  ]  File ignored by hicexplorer because it exceeded search pattern filesize limit: gut_2_fastqc.html
[2021-07-05 10:19:56,716] multiqc                                            [DEBUG  ]  File ignored by longranger/invocation because it exceeded search pattern filesize limit: gut_2_fastqc.html
[2021-07-05 10:19:56,717] multiqc                                            [DEBUG  ]  File ignored by rockhopper because it exceeded search pattern filesize limit: gut_2_fastqc.html
[2021-07-05 10:19:56,717] multiqc                                            [DEBUG  ]  File ignored by rseqc/bam_stat because it exceeded search pattern filesize limit: gut_2_fastqc.html
[2021-07-05 10:19:56,717] multiqc                                            [DEBUG  ]  File ignored by rseqc/junction_annotation because it exceeded search pattern filesize limit: gut_2_fastqc.html
[2021-07-05 10:19:56,717] multiqc                                            [DEBUG  ]  File ignored by rseqc/read_distribution because it exceeded search pattern filesize limit: gut_2_fastqc.html
[2021-07-05 10:19:56,717] multiqc                                            [DEBUG  ]  File ignored by rseqc/infer_experiment because it exceeded search pattern filesize limit: gut_2_fastqc.html
[2021-07-05 10:19:57,006] multiqc                                            [DEBUG  ]  File ignored by longranger/invocation because it exceeded search pattern filesize limit: salmon_quant.log
[2021-07-05 10:19:57,173] multiqc                                            [DEBUG  ]  File ignored by hicexplorer because it exceeded search pattern filesize limit: lung_2_fastqc.html
[2021-07-05 10:19:57,185] multiqc                                            [DEBUG  ]  File ignored by longranger/invocation because it exceeded search pattern filesize limit: lung_2_fastqc.html
[2021-07-05 10:19:57,186] multiqc                                            [DEBUG  ]  File ignored by rockhopper because it exceeded search pattern filesize limit: lung_2_fastqc.html
[2021-07-05 10:19:57,186] multiqc                                            [DEBUG  ]  File ignored by rseqc/bam_stat because it exceeded search pattern filesize limit: lung_2_fastqc.html
[2021-07-05 10:19:57,186] multiqc                                            [DEBUG  ]  File ignored by rseqc/junction_annotation because it exceeded search pattern filesize limit: lung_2_fastqc.html
[2021-07-05 10:19:57,186] multiqc                                            [DEBUG  ]  File ignored by rseqc/read_distribution because it exceeded search pattern filesize limit: lung_2_fastqc.html
[2021-07-05 10:19:57,186] multiqc                                            [DEBUG  ]  File ignored by rseqc/infer_experiment because it exceeded search pattern filesize limit: lung_2_fastqc.html
[2021-07-05 10:19:57,293] multiqc                                            [DEBUG  ]  File ignored by hicexplorer because it exceeded search pattern filesize limit: lung_1_fastqc.html
[2021-07-05 10:19:57,306] multiqc                                            [DEBUG  ]  File ignored by longranger/invocation because it exceeded search pattern filesize limit: lung_1_fastqc.html
[2021-07-05 10:19:57,307] multiqc                                            [DEBUG  ]  File ignored by rockhopper because it exceeded search pattern filesize limit: lung_1_fastqc.html
[2021-07-05 10:19:57,307] multiqc                                            [DEBUG  ]  File ignored by rseqc/bam_stat because it exceeded search pattern filesize limit: lung_1_fastqc.html
[2021-07-05 10:19:57,307] multiqc                                            [DEBUG  ]  File ignored by rseqc/junction_annotation because it exceeded search pattern filesize limit: lung_1_fastqc.html
[2021-07-05 10:19:57,307] multiqc                                            [DEBUG  ]  File ignored by rseqc/read_distribution because it exceeded search pattern filesize limit: lung_1_fastqc.html
[2021-07-05 10:19:57,307] multiqc                                            [DEBUG  ]  File ignored by rseqc/infer_experiment because it exceeded search pattern filesize limit: lung_1_fastqc.html
[2021-07-05 10:19:57,420] multiqc                                            [DEBUG  ]  File ignored by hicexplorer because it exceeded search pattern filesize limit: liver_1_fastqc.html
[2021-07-05 10:19:57,433] multiqc                                            [DEBUG  ]  File ignored by longranger/invocation because it exceeded search pattern filesize limit: liver_1_fastqc.html
[2021-07-05 10:19:57,433] multiqc                                            [DEBUG  ]  File ignored by rockhopper because it exceeded search pattern filesize limit: liver_1_fastqc.html
[2021-07-05 10:19:57,434] multiqc                                            [DEBUG  ]  File ignored by rseqc/bam_stat because it exceeded search pattern filesize limit: liver_1_fastqc.html
[2021-07-05 10:19:57,434] multiqc                                            [DEBUG  ]  File ignored by rseqc/junction_annotation because it exceeded search pattern filesize limit: liver_1_fastqc.html
[2021-07-05 10:19:57,434] multiqc                                            [DEBUG  ]  File ignored by rseqc/read_distribution because it exceeded search pattern filesize limit: liver_1_fastqc.html
[2021-07-05 10:19:57,434] multiqc                                            [DEBUG  ]  File ignored by rseqc/infer_experiment because it exceeded search pattern filesize limit: liver_1_fastqc.html
[2021-07-05 10:19:57,546] multiqc                                            [DEBUG  ]  File ignored by hicexplorer because it exceeded search pattern filesize limit: liver_2_fastqc.html
[2021-07-05 10:19:57,559] multiqc                                            [DEBUG  ]  File ignored by longranger/invocation because it exceeded search pattern filesize limit: liver_2_fastqc.html
[2021-07-05 10:19:57,560] multiqc                                            [DEBUG  ]  File ignored by rockhopper because it exceeded search pattern filesize limit: liver_2_fastqc.html
[2021-07-05 10:19:57,560] multiqc                                            [DEBUG  ]  File ignored by rseqc/bam_stat because it exceeded search pattern filesize limit: liver_2_fastqc.html
[2021-07-05 10:19:57,560] multiqc                                            [DEBUG  ]  File ignored by rseqc/junction_annotation because it exceeded search pattern filesize limit: liver_2_fastqc.html
[2021-07-05 10:19:57,560] multiqc                                            [DEBUG  ]  File ignored by rseqc/read_distribution because it exceeded search pattern filesize limit: liver_2_fastqc.html
[2021-07-05 10:19:57,560] multiqc                                            [DEBUG  ]  File ignored by rseqc/infer_experiment because it exceeded search pattern filesize limit: liver_2_fastqc.html
[2021-07-05 10:19:57,853] multiqc                                            [DEBUG  ]  File ignored by longranger/invocation because it exceeded search pattern filesize limit: salmon_quant.log
[2021-07-05 10:19:58,198] multiqc                                            [DEBUG  ]  File ignored by longranger/invocation because it exceeded search pattern filesize limit: salmon_quant.log
[2021-07-05 10:20:00,033] multiqc.plots.bargraph                             [DEBUG  ]  Using matplotlib version 3.3.4
[2021-07-05 10:20:00,038] multiqc.plots.linegraph                            [DEBUG  ]  Using matplotlib version 3.3.4
[2021-07-05 10:20:00,049] multiqc                                            [DEBUG  ]  No samples found: custom_content
[2021-07-05 10:20:00,069] multiqc                                            [DEBUG  ]  No samples found: ngsderive
[2021-07-05 10:20:00,089] multiqc                                            [DEBUG  ]  No samples found: purple
[2021-07-05 10:20:00,109] multiqc                                            [DEBUG  ]  No samples found: conpair
[2021-07-05 10:20:00,129] multiqc                                            [DEBUG  ]  No samples found: peddy
[2021-07-05 10:20:00,148] multiqc                                            [DEBUG  ]  No samples found: somalier
[2021-07-05 10:20:00,168] multiqc                                            [DEBUG  ]  No samples found: methylQA
[2021-07-05 10:20:00,208] multiqc                                            [DEBUG  ]  No samples found: mosdepth
[2021-07-05 10:20:00,227] multiqc                                            [DEBUG  ]  No samples found: phantompeakqualtools
[2021-07-05 10:20:00,238] multiqc                                            [DEBUG  ]  No samples found: qualimap
[2021-07-05 10:20:00,258] multiqc                                            [DEBUG  ]  No samples found: preseq
[2021-07-05 10:20:00,278] multiqc                                            [DEBUG  ]  No samples found: quast
[2021-07-05 10:20:00,298] multiqc                                            [DEBUG  ]  No samples found: qorts
[2021-07-05 10:20:00,318] multiqc                                            [DEBUG  ]  No samples found: rna_seqc
[2021-07-05 10:20:00,338] multiqc                                            [DEBUG  ]  No samples found: rockhopper
[2021-07-05 10:20:00,357] multiqc                                            [DEBUG  ]  No samples found: rsem
[2021-07-05 10:20:00,420] multiqc                                            [DEBUG  ]  No samples found: rseqc
[2021-07-05 10:20:00,440] multiqc                                            [DEBUG  ]  No samples found: busco
[2021-07-05 10:20:00,460] multiqc                                            [DEBUG  ]  No samples found: goleft_indexcov
[2021-07-05 10:20:00,480] multiqc                                            [DEBUG  ]  No samples found: disambiguate
[2021-07-05 10:20:00,500] multiqc                                            [DEBUG  ]  No samples found: supernova
[2021-07-05 10:20:00,565] multiqc                                            [DEBUG  ]  No samples found: deeptools
[2021-07-05 10:20:00,584] multiqc                                            [DEBUG  ]  No samples found: sargasso
[2021-07-05 10:20:00,604] multiqc                                            [DEBUG  ]  No samples found: verifybamid
[2021-07-05 10:20:00,624] multiqc                                            [DEBUG  ]  No samples found: mirtrace
[2021-07-05 10:20:00,644] multiqc                                            [DEBUG  ]  No samples found: happy
[2021-07-05 10:20:00,664] multiqc                                            [DEBUG  ]  No samples found: mirtop
[2021-07-05 10:20:00,697] multiqc                                            [DEBUG  ]  No samples found: homer
[2021-07-05 10:20:00,716] multiqc                                            [DEBUG  ]  No samples found: hops
[2021-07-05 10:20:00,736] multiqc                                            [DEBUG  ]  No samples found: macs2
[2021-07-05 10:20:00,756] multiqc                                            [DEBUG  ]  No samples found: theta2
[2021-07-05 10:20:00,776] multiqc                                            [DEBUG  ]  No samples found: snpeff
[2021-07-05 10:20:00,806] multiqc                                            [DEBUG  ]  No samples found: gatk
[2021-07-05 10:20:00,825] multiqc                                            [DEBUG  ]  No samples found: htseq
[2021-07-05 10:20:00,849] multiqc                                            [DEBUG  ]  No samples found: bcftools
[2021-07-05 10:20:00,870] multiqc                                            [DEBUG  ]  No samples found: featureCounts
[2021-07-05 10:20:00,918] multiqc                                            [DEBUG  ]  No samples found: fgbio
[2021-07-05 10:20:00,979] multiqc                                            [DEBUG  ]  No samples found: dragen
[2021-07-05 10:20:00,998] multiqc                                            [DEBUG  ]  No samples found: dedup
[2021-07-05 10:20:01,018] multiqc                                            [DEBUG  ]  No samples found: damageprofiler
[2021-07-05 10:20:01,139] multiqc                                            [DEBUG  ]  No samples found: biobambam2
[2021-07-05 10:20:01,159] multiqc                                            [DEBUG  ]  No samples found: jcvi
[2021-07-05 10:20:01,178] multiqc                                            [DEBUG  ]  No samples found: mtnucratio
[2021-07-05 10:20:01,183] multiqc                                            [DEBUG  ]  No samples found: picard
[2021-07-05 10:20:01,218] multiqc                                            [DEBUG  ]  No samples found: sentieon
[2021-07-05 10:20:01,237] multiqc                                            [DEBUG  ]  No samples found: prokka
[2021-07-05 10:20:01,257] multiqc                                            [DEBUG  ]  No samples found: qc3C
[2021-07-05 10:20:01,277] multiqc                                            [DEBUG  ]  No samples found: samblaster
[2021-07-05 10:20:01,318] multiqc                                            [DEBUG  ]  No samples found: samtools
[2021-07-05 10:20:01,340] multiqc                                            [DEBUG  ]  No samples found: sexdeterrmine
[2021-07-05 10:20:01,360] multiqc                                            [DEBUG  ]  No samples found: eigenstratdatabasetools
[2021-07-05 10:20:01,385] multiqc                                            [DEBUG  ]  No samples found: bamtools
[2021-07-05 10:20:01,405] multiqc                                            [DEBUG  ]  No samples found: jellyfish
[2021-07-05 10:20:01,459] multiqc                                            [DEBUG  ]  No samples found: vcftools
[2021-07-05 10:20:01,486] multiqc                                            [DEBUG  ]  No samples found: longranger
[2021-07-05 10:20:01,505] multiqc                                            [DEBUG  ]  No samples found: stacks
[2021-07-05 10:20:01,525] multiqc                                            [DEBUG  ]  No samples found: varscan2
[2021-07-05 10:20:01,604] multiqc                                            [DEBUG  ]  No samples found: bbmap
[2021-07-05 10:20:01,625] multiqc                                            [DEBUG  ]  No samples found: bismark
[2021-07-05 10:20:01,645] multiqc                                            [DEBUG  ]  No samples found: biscuit
[2021-07-05 10:20:01,665] multiqc                                            [DEBUG  ]  No samples found: hicexplorer
[2021-07-05 10:20:01,686] multiqc                                            [DEBUG  ]  No samples found: hicup
[2021-07-05 10:20:01,705] multiqc                                            [DEBUG  ]  No samples found: hicpro
[2021-07-05 10:20:01,733] multiqc.modules.salmon.salmon                      [INFO   ]  Found 3 meta reports
[2021-07-05 10:20:01,734] multiqc.modules.salmon.salmon                      [INFO   ]  Found 3 fragment length distributions
[2021-07-05 10:20:01,775] multiqc                                            [DEBUG  ]  No samples found: kallisto
[2021-07-05 10:20:01,795] multiqc                                            [DEBUG  ]  No samples found: slamdunk
[2021-07-05 10:20:01,815] multiqc                                            [DEBUG  ]  No samples found: star
[2021-07-05 10:20:01,838] multiqc                                            [DEBUG  ]  No samples found: hisat2
[2021-07-05 10:20:01,857] multiqc                                            [DEBUG  ]  No samples found: tophat
[2021-07-05 10:20:01,877] multiqc                                            [DEBUG  ]  No samples found: bowtie2
[2021-07-05 10:20:01,897] multiqc                                            [DEBUG  ]  No samples found: bowtie1
[2021-07-05 10:20:01,917] multiqc                                            [DEBUG  ]  No samples found: snpsplit
[2021-07-05 10:20:01,936] multiqc                                            [DEBUG  ]  No samples found: kat
[2021-07-05 10:20:01,955] multiqc                                            [DEBUG  ]  No samples found: leehom
[2021-07-05 10:20:01,975] multiqc                                            [DEBUG  ]  No samples found: adapterRemoval
[2021-07-05 10:20:01,995] multiqc                                            [DEBUG  ]  No samples found: clipandmerge
[2021-07-05 10:20:02,014] multiqc                                            [DEBUG  ]  No samples found: cutadapt
[2021-07-05 10:20:02,033] multiqc                                            [DEBUG  ]  No samples found: flexbar
[2021-07-05 10:20:02,052] multiqc                                            [DEBUG  ]  No samples found: kaiju
[2021-07-05 10:20:02,072] multiqc                                            [DEBUG  ]  No samples found: kraken
[2021-07-05 10:20:02,092] multiqc                                            [DEBUG  ]  No samples found: malt
[2021-07-05 10:20:02,111] multiqc                                            [DEBUG  ]  No samples found: trimmomatic
[2021-07-05 10:20:02,130] multiqc                                            [DEBUG  ]  No samples found: sickle
[2021-07-05 10:20:02,149] multiqc                                            [DEBUG  ]  No samples found: skewer
[2021-07-05 10:20:02,169] multiqc                                            [DEBUG  ]  No samples found: sortmerna
[2021-07-05 10:20:02,189] multiqc                                            [DEBUG  ]  No samples found: biobloomtools
[2021-07-05 10:20:02,208] multiqc                                            [DEBUG  ]  No samples found: fastq_screen
[2021-07-05 10:20:02,228] multiqc                                            [DEBUG  ]  No samples found: afterqc
[2021-07-05 10:20:02,247] multiqc                                            [DEBUG  ]  No samples found: fastp
[2021-07-05 10:20:02,293] multiqc.modules.fastqc.fastqc                      [INFO   ]  Found 6 reports
[2021-07-05 10:20:02,431] multiqc                                            [DEBUG  ]  No samples found: pychopper
[2021-07-05 10:20:02,450] multiqc                                            [DEBUG  ]  No samples found: pycoqc
[2021-07-05 10:20:02,469] multiqc                                            [DEBUG  ]  No samples found: minionqc
[2021-07-05 10:20:02,488] multiqc                                            [DEBUG  ]  No samples found: multivcfanalyzer
[2021-07-05 10:20:02,508] multiqc                                            [DEBUG  ]  No samples found: clusterflow
[2021-07-05 10:20:02,530] multiqc                                            [DEBUG  ]  No samples found: bcl2fastq
[2021-07-05 10:20:02,550] multiqc                                            [DEBUG  ]  No samples found: interop
[2021-07-05 10:20:02,571] multiqc                                            [DEBUG  ]  No samples found: ivar
[2021-07-05 10:20:02,591] multiqc                                            [DEBUG  ]  No samples found: flash
[2021-07-05 10:20:02,610] multiqc                                            [DEBUG  ]  No samples found: seqyclean
[2021-07-05 10:20:02,630] multiqc                                            [DEBUG  ]  No samples found: optitype
[2021-07-05 10:20:02,642] multiqc                                            [INFO   ]  Compressing plot data
[2021-07-05 10:20:02,779] multiqc                                            [INFO   ]  Report      : multiqc_report.html
[2021-07-05 10:20:02,779] multiqc                                            [INFO   ]  Data        : multiqc_data
[2021-07-05 10:20:02,779] multiqc                                            [DEBUG  ]  Moving data file from '/tmp/tmphhb9qmj5/multiqc_data' to '/mounts/isilon/data/eahome/u1072932/resource/nextflow/hands_on/work/02/845f1e326778c9d05f53adb0567bb6/multiqc_data'
[2021-07-05 10:20:03,156] multiqc                                            [INFO   ]  MultiQC complete
