[2021-07-05 09:19:15.203] [jointLog] [info] setting maxHashResizeThreads to 4
[2021-07-05 09:19:15.203] [jointLog] [info] Fragment incompatibility prior below threshold.  Incompatible fragments will be ignored.
[2021-07-05 09:19:15.203] [jointLog] [info] Usage of --validateMappings implies use of minScoreFraction. Since not explicitly specified, it is being set to 0.65
[2021-07-05 09:19:15.203] [jointLog] [info] Setting consensusSlack to selective-alignment default of 0.35.
[2021-07-05 09:19:15.203] [jointLog] [info] parsing read library format
[2021-07-05 09:19:15.203] [jointLog] [info] There is 1 library.
[2021-07-05 09:19:15.276] [jointLog] [info] Loading pufferfish index
[2021-07-05 09:19:15.277] [jointLog] [info] Loading dense pufferfish index.
[2021-07-05 09:19:15.281] [jointLog] [info] done
[2021-07-05 09:19:15.281] [jointLog] [info] Index contained 1 targets
[2021-07-05 09:19:15.281] [jointLog] [info] Number of decoys : 0
[2021-07-05 09:19:15.378] [jointLog] [info] Computed 1 rich equivalence classes for further processing
[2021-07-05 09:19:15.378] [jointLog] [info] Counted 1,984 total reads in the equivalence classes 
[2021-07-05 09:19:15.379] [jointLog] [info] Number of mappings discarded because of alignment score : 1,505
[2021-07-05 09:19:15.379] [jointLog] [info] Number of fragments entirely discarded because of alignment score : 948
[2021-07-05 09:19:15.379] [jointLog] [info] Number of fragments discarded because they are best-mapped to decoys : 0
[2021-07-05 09:19:15.379] [jointLog] [info] Number of fragments discarded because they have only dovetail (discordant) mappings to valid targets : 1,044
[2021-07-05 09:19:15.379] [jointLog] [warning] Only 1984 fragments were mapped, but the number of burn-in fragments was set to 5000000.
The effective lengths have been computed using the observed mappings.

[2021-07-05 09:19:15.379] [jointLog] [info] Mapping rate = 67.5519%

[2021-07-05 09:19:15.379] [jointLog] [info] finished quantifyLibrary()
[2021-07-05 09:19:15.384] [jointLog] [info] Starting optimizer
[2021-07-05 09:19:15.378] [fileLog] [info] 
At end of round 0
==================
Observed 2937 total fragments (2937 in most recent round)

[2021-07-05 09:19:15.386] [jointLog] [info] Marked 0 weighted equivalence classes as degenerate
[2021-07-05 09:19:15.386] [jointLog] [info] iteration = 0 | max rel diff. = 3.43811e-16
[2021-07-05 09:19:15.386] [jointLog] [info] iteration = 100 | max rel diff. = 0
[2021-07-05 09:19:15.386] [jointLog] [info] Finished optimizer
[2021-07-05 09:19:15.386] [jointLog] [info] writing output 

[2021-07-05 09:19:15.394] [jointLog] [warning] NOTE: Read Lib [[ gut_1.fq, gut_2.fq]] :

Detected a *potential* strand bias > 1% in an unstranded protocol check the file: gut/lib_format_counts.json for details

