[2021-07-05 09:19:14.302] [puff::index::jointLog] [info] Running fixFasta
[2021-07-05 09:19:14.312] [puff::index::jointLog] [info] Replaced 0 non-ATCG nucleotides
[2021-07-05 09:19:14.312] [puff::index::jointLog] [info] Clipped poly-A tails from 0 transcripts
[2021-07-05 09:19:14.329] [puff::index::jointLog] [info] Filter size not provided; estimating from number of distinct k-mers
[2021-07-05 09:19:14.333] [puff::index::jointLog] [info] ntHll estimated 147846 distinct k-mers, setting filter size to 2^22
[2021-07-05 09:19:14.499] [puff::index::jointLog] [info] Starting the Pufferfish indexing by reading the GFA binary file.
[2021-07-05 09:19:14.499] [puff::index::jointLog] [info] Setting the index/BinaryGfa directory index
[2021-07-05 09:19:14.502] [puff::index::jointLog] [info] Done wrapping the rank vector with a rank9sel structure.
[2021-07-05 09:19:14.502] [puff::index::jointLog] [info] contig count for validation: 13
[2021-07-05 09:19:14.503] [puff::index::jointLog] [info] Total # of Contigs : 13
[2021-07-05 09:19:14.504] [puff::index::jointLog] [info] Total # of numerical Contigs : 13
[2021-07-05 09:19:14.504] [puff::index::jointLog] [info] Total # of contig vec entries: 17
[2021-07-05 09:19:14.504] [puff::index::jointLog] [info] bits per offset entry 5
[2021-07-05 09:19:14.504] [puff::index::jointLog] [info] Done constructing the contig vector. 14
[2021-07-05 09:19:14.517] [puff::index::jointLog] [info] # segments = 13
[2021-07-05 09:19:14.517] [puff::index::jointLog] [info] total length = 171,333
[2021-07-05 09:19:14.517] [puff::index::jointLog] [info] Reading the reference files ...
[2021-07-05 09:19:14.531] [puff::index::jointLog] [info] positional integer width = 18
[2021-07-05 09:19:14.531] [puff::index::jointLog] [info] seqSize = 171,333
[2021-07-05 09:19:14.531] [puff::index::jointLog] [info] rankSize = 171,333
[2021-07-05 09:19:14.531] [puff::index::jointLog] [info] edgeVecSize = 0
[2021-07-05 09:19:14.531] [puff::index::jointLog] [info] num keys = 170,943
[2021-07-05 09:19:14.705] [puff::index::jointLog] [info] mphf size = 0.107491 MB
[2021-07-05 09:19:14.705] [puff::index::jointLog] [info] chunk size = 85,667
[2021-07-05 09:19:14.705] [puff::index::jointLog] [info] chunk 0 = [0, 85,667)
[2021-07-05 09:19:14.705] [puff::index::jointLog] [info] chunk 1 = [85,667, 171,303)
[2021-07-05 09:19:14.711] [puff::index::jointLog] [info] finished populating pos vector
[2021-07-05 09:19:14.711] [puff::index::jointLog] [info] writing index components
[2021-07-05 09:19:14.727] [puff::index::jointLog] [info] finished writing dense pufferfish index
