Version Server Response: Not Found
### salmon (selective-alignment-based) v1.5.1
### [ program ] => salmon 
### [ command ] => quant 
### [ threads ] => { 4 }
### [ libType ] => { U }
### [ index ] => { index }
### [ mates1 ] => { gut_1.fq }
### [ mates2 ] => { gut_2.fq }
### [ output ] => { gut }
Logs will be written to gut/logs
[2021-07-05 09:19:15.203] [jointLog] [info] setting maxHashResizeThreads to 4
[2021-07-05 09:19:15.203] [jointLog] [info] Fragment incompatibility prior below threshold.  Incompatible fragments will be ignored.
[2021-07-05 09:19:15.203] [jointLog] [info] Usage of --validateMappings implies use of minScoreFraction. Since not explicitly specified, it is being set to 0.65
[2021-07-05 09:19:15.203] [jointLog] [info] Setting consensusSlack to selective-alignment default of 0.35.
[2021-07-05 09:19:15.203] [jointLog] [info] parsing read library format
[2021-07-05 09:19:15.203] [jointLog] [info] There is 1 library.
-----------------------------------------
| Loading contig table | Time = 241.2 us
-----------------------------------------
size = 14
-----------------------------------------
| Loading contig offsets | Time = 351.35 us
-----------------------------------------
-----------------------------------------
| Loading reference lengths | Time = 3.868 us
-----------------------------------------
-----------------------------------------
| Loading mphf table | Time = 282.37 us
-----------------------------------------
size = 171333
Number of ones: 13
Number of ones per inventory item: 512
Inventory entries filled: 1
-----------------------------------------
| Loading contig boundaries | Time = 662.61 us
-----------------------------------------
size = 171333
-----------------------------------------
| Loading sequence | Time = 369.91 us
-----------------------------------------
size = 170943
-----------------------------------------
| Loading positions | Time = 488.98 us
-----------------------------------------
size = 171001
-----------------------------------------
| Loading reference sequence | Time = 471.19 us
-----------------------------------------
-----------------------------------------
| Loading reference accumulative lengths | Time = 19.907 us
-----------------------------------------
[2021-07-05 09:19:15.276] [jointLog] [info] Loading pufferfish index
[2021-07-05 09:19:15.277] [jointLog] [info] Loading dense pufferfish index.
[2021-07-05 09:19:15.281] [jointLog] [info] done
[2021-07-05 09:19:15.281] [jointLog] [info] Index contained 1 targets
[2021-07-05 09:19:15.281] [jointLog] [info] Number of decoys : 0












[2021-07-05 09:19:15.378] [jointLog] [info] Computed 1 rich equivalence classes for further processing
[2021-07-05 09:19:15.378] [jointLog] [info] Counted 1,984 total reads in the equivalence classes 
[2021-07-05 09:19:15.379] [jointLog] [info] Number of mappings discarded because of alignment score : 1,505
[2021-07-05 09:19:15.379] [jointLog] [info] Number of fragments entirely discarded because of alignment score : 948
[2021-07-05 09:19:15.379] [jointLog] [info] Number of fragments discarded because they are best-mapped to decoys : 0
[2021-07-05 09:19:15.379] [jointLog] [info] Number of fragments discarded because they have only dovetail (discordant) mappings to valid targets : 1,044
[2021-07-05 09:19:15.379] [jointLog] [warning] Only 1984 fragments were mapped, but the number of burn-in fragments was set to 5000000.
The effective lengths have been computed using the observed mappings.

[2021-07-05 09:19:15.379] [jointLog] [info] Mapping rate = 67.5519%

[2021-07-05 09:19:15.379] [jointLog] [info] finished quantifyLibrary()
[2021-07-05 09:19:15.384] [jointLog] [info] Starting optimizer
[2021-07-05 09:19:15.386] [jointLog] [info] Marked 0 weighted equivalence classes as degenerate
[2021-07-05 09:19:15.386] [jointLog] [info] iteration = 0 | max rel diff. = 3.43811e-16
[2021-07-05 09:19:15.386] [jointLog] [info] iteration = 100 | max rel diff. = 0
[2021-07-05 09:19:15.386] [jointLog] [info] Finished optimizer
[2021-07-05 09:19:15.386] [jointLog] [info] writing output 

[2021-07-05 09:19:15.394] [jointLog] [warning] NOTE: Read Lib [[ gut_1.fq, gut_2.fq]] :

Detected a *potential* strand bias > 1% in an unstranded protocol check the file: gut/lib_format_counts.json for details

